<?xml version="1.0" encoding="UTF-8"?>
<testng-results ignored="0" total="1" passed="1" failed="0" skipped="0">
  <reporter-output>
  </reporter-output>
  <suite started-at="2025-07-04T20:09:12 IST" name="Default suite" finished-at="2025-07-04T20:09:12 IST" duration-ms="73">
    <groups>
    </groups>
    <test started-at="2025-07-04T20:09:12 IST" name="Default test" finished-at="2025-07-04T20:09:12 IST" duration-ms="73">
      <class name="Test.Testing">
        <test-method signature="test()[pri:0, instance:Test.Testing@696da30b]" started-at="2025-07-04T20:09:12 IST" name="test" finished-at="2025-07-04T20:09:12 IST" duration-ms="23" status="PASS">
          <reporter-output>
          </reporter-output>
        </test-method> <!-- test -->
      </class> <!-- Test.Testing -->
    </test> <!-- Default test -->
  </suite> <!-- Default suite -->
</testng-results>
