<?xml version="1.0" encoding="UTF-8"?>
<!-- Generated by org.testng.reporters.JUnitXMLReporter -->
<testsuite ignored="5" hostname="TNG-1" failures="0" tests="6" name="LoginTest" time="0.171" errors="0" timestamp="2025-07-10T20:43:23 IST">
  <testcase classname="Test_with_TestNG.LoginTest" name="test2" time="0.017"/>
  <testcase classname="Test_with_TestNG.LoginTest" name="test2" time="0.003"/>
  <testcase classname="Test_with_TestNG.LoginTest" name="test2" time="0.001"/>
  <testcase classname="Test_with_TestNG.LoginTest" name="test3" time="0.008"/>
  <testcase classname="Test_with_TestNG.LoginTest" name="test3" time="0.004"/>
  <testcase classname="Test_with_TestNG.LoginTest" name="test3" time="0.002"/>
  <testcase classname="Test_with_TestNG.E_Commerce" name="Test_WebTable" time="0.0">
    <ignored/>
  </testcase> <!-- Test_WebTable -->
  <testcase classname="Test_with_TestNG.LoginTest" name="test" time="0.0">
    <ignored/>
  </testcase> <!-- test -->
  <testcase classname="Test_with_TestNG.LoginTest" name="testValidLogin" time="0.0">
    <ignored/>
  </testcase> <!-- testValidLogin -->
  <testcase classname="Test_with_TestNG.E_Commerce" name="Test_Alert" time="0.0">
    <ignored/>
  </testcase> <!-- Test_Alert -->
  <testcase classname="Test_with_TestNG.E_Commerce" name="Test_Dropdown" time="0.0">
    <ignored/>
  </testcase> <!-- Test_Dropdown -->
</testsuite> <!-- LoginTest -->
